mode: atomic
challenge.haraj.com.sa/kraicklist/pkg/filesearch/searcher.go:19.41,21.2 1 4
challenge.haraj.com.sa/kraicklist/pkg/filesearch/searcher.go:23.31,26.16 2 4
challenge.haraj.com.sa/kraicklist/pkg/filesearch/searcher.go:29.2,32.16 3 3
challenge.haraj.com.sa/kraicklist/pkg/filesearch/searcher.go:36.2,38.16 3 2
challenge.haraj.com.sa/kraicklist/pkg/filesearch/searcher.go:46.2,48.12 2 2
challenge.haraj.com.sa/kraicklist/pkg/filesearch/searcher.go:26.16,28.3 1 1
challenge.haraj.com.sa/kraicklist/pkg/filesearch/searcher.go:32.16,34.3 1 1
challenge.haraj.com.sa/kraicklist/pkg/filesearch/searcher.go:38.16,41.17 3 3708
challenge.haraj.com.sa/kraicklist/pkg/filesearch/searcher.go:44.3,44.31 1 3708
challenge.haraj.com.sa/kraicklist/pkg/filesearch/searcher.go:41.17,42.12 1 0
challenge.haraj.com.sa/kraicklist/pkg/filesearch/searcher.go:51.48,53.35 2 1
challenge.haraj.com.sa/kraicklist/pkg/filesearch/searcher.go:58.2,58.15 1 1
challenge.haraj.com.sa/kraicklist/pkg/filesearch/searcher.go:53.35,54.155 1 1854
challenge.haraj.com.sa/kraicklist/pkg/filesearch/searcher.go:54.155,56.4 1 46
challenge.haraj.com.sa/kraicklist/module/home/usecase/usecase.go:18.80,20.2 1 3
challenge.haraj.com.sa/kraicklist/module/home/usecase/usecase.go:22.105,23.45 1 3
challenge.haraj.com.sa/kraicklist/module/home/usecase/usecase.go:27.2,28.16 2 2
challenge.haraj.com.sa/kraicklist/module/home/usecase/usecase.go:32.2,32.63 1 1
challenge.haraj.com.sa/kraicklist/module/home/usecase/usecase.go:23.45,25.3 1 1
challenge.haraj.com.sa/kraicklist/module/home/usecase/usecase.go:28.16,30.3 1 1
challenge.haraj.com.sa/kraicklist/module/home/repository/repository.go:20.97,22.2 1 3
challenge.haraj.com.sa/kraicklist/module/home/repository/repository.go:24.119,25.45 1 3
challenge.haraj.com.sa/kraicklist/module/home/repository/repository.go:30.2,32.8 2 2
challenge.haraj.com.sa/kraicklist/module/home/repository/repository.go:25.45,28.3 2 1
